Compilación iniciada a las 3/11/2021 04:54:a. m..
     1>Proyecto "C:\Users\Elber\Desktop\ejemplo\openglUpn\openglUpn\openglUpn.vcxproj" en el nodo 2 (Build destinos).
     1>ClCompile:
         C:\Program Files (x86)\Microsoft Visual Studio 12.0\VC\bin\CL.exe /c /I"C:\Users\Elber\Downloads\Glew and Glut\freeglut\include" /I"C:\Users\Elber\Downloads\Glew and Glut\glew-1.11.0\include" /ZI /nologo /W3 /WX- /sdl /Od /Oy- /D _MBCS /Gm /EHsc /RTC1 /MDd /GS /fp:precise /Zc:wchar_t /Zc:forScope /Fo"Debug\\" /Fd"Debug\vc120.pdb" /Gd /TP /analyze- /errorReport:prompt Ajedrez.cpp
         Ajedrez.cpp
     1>c:\users\elber\desktop\ejemplo\openglupn\openglupn\ajedrez.cpp(12): warning C4305: 'argumento' : truncamiento de 'double' a 'GLfloat'
     1>c:\users\elber\desktop\ejemplo\openglupn\openglupn\ajedrez.cpp(13): warning C4244: 'argumento' : conversión de 'double' a 'GLfloat'; posible pérdida de datos
     1>c:\users\elber\desktop\ejemplo\openglupn\openglupn\ajedrez.cpp(14): warning C4244: 'argumento' : conversión de 'double' a 'GLfloat'; posible pérdida de datos
     1>c:\users\elber\desktop\ejemplo\openglupn\openglupn\ajedrez.cpp(15): warning C4244: 'argumento' : conversión de 'double' a 'GLfloat'; posible pérdida de datos
     1>c:\users\elber\desktop\ejemplo\openglupn\openglupn\ajedrez.cpp(16): warning C4244: 'argumento' : conversión de 'double' a 'GLfloat'; posible pérdida de datos
     1>c:\users\elber\desktop\ejemplo\openglupn\openglupn\ajedrez.cpp(30): warning C4305: 'argumento' : truncamiento de 'double' a 'GLfloat'
     1>c:\users\elber\desktop\ejemplo\openglupn\openglupn\ajedrez.cpp(31): warning C4244: 'argumento' : conversión de 'double' a 'GLfloat'; posible pérdida de datos
     1>c:\users\elber\desktop\ejemplo\openglupn\openglupn\ajedrez.cpp(32): warning C4244: 'argumento' : conversión de 'double' a 'GLfloat'; posible pérdida de datos
     1>c:\users\elber\desktop\ejemplo\openglupn\openglupn\ajedrez.cpp(33): warning C4244: 'argumento' : conversión de 'double' a 'GLfloat'; posible pérdida de datos
     1>c:\users\elber\desktop\ejemplo\openglupn\openglupn\ajedrez.cpp(34): warning C4244: 'argumento' : conversión de 'double' a 'GLfloat'; posible pérdida de datos
     1>c:\users\elber\desktop\ejemplo\openglupn\openglupn\ajedrez.cpp(39): warning C4305: 'argumento' : truncamiento de 'double' a 'GLfloat'
     1>c:\users\elber\desktop\ejemplo\openglupn\openglupn\ajedrez.cpp(40): warning C4244: 'argumento' : conversión de 'double' a 'GLfloat'; posible pérdida de datos
     1>c:\users\elber\desktop\ejemplo\openglupn\openglupn\ajedrez.cpp(41): warning C4244: 'argumento' : conversión de 'double' a 'GLfloat'; posible pérdida de datos
     1>c:\users\elber\desktop\ejemplo\openglupn\openglupn\ajedrez.cpp(42): warning C4244: 'argumento' : conversión de 'double' a 'GLfloat'; posible pérdida de datos
     1>c:\users\elber\desktop\ejemplo\openglupn\openglupn\ajedrez.cpp(43): warning C4244: 'argumento' : conversión de 'double' a 'GLfloat'; posible pérdida de datos
     1>c:\users\elber\desktop\ejemplo\openglupn\openglupn\ajedrez.cpp(48): warning C4305: 'argumento' : truncamiento de 'double' a 'GLfloat'
     1>c:\users\elber\desktop\ejemplo\openglupn\openglupn\ajedrez.cpp(49): warning C4244: 'argumento' : conversión de 'double' a 'GLfloat'; posible pérdida de datos
     1>c:\users\elber\desktop\ejemplo\openglupn\openglupn\ajedrez.cpp(50): warning C4244: 'argumento' : conversión de 'double' a 'GLfloat'; posible pérdida de datos
     1>c:\users\elber\desktop\ejemplo\openglupn\openglupn\ajedrez.cpp(51): warning C4244: 'argumento' : conversión de 'double' a 'GLfloat'; posible pérdida de datos
     1>c:\users\elber\desktop\ejemplo\openglupn\openglupn\ajedrez.cpp(52): warning C4244: 'argumento' : conversión de 'double' a 'GLfloat'; posible pérdida de datos
     1>c:\users\elber\desktop\ejemplo\openglupn\openglupn\ajedrez.cpp(56): warning C4305: 'argumento' : truncamiento de 'double' a 'GLfloat'
     1>c:\users\elber\desktop\ejemplo\openglupn\openglupn\ajedrez.cpp(57): warning C4244: 'argumento' : conversión de 'double' a 'GLfloat'; posible pérdida de datos
     1>c:\users\elber\desktop\ejemplo\openglupn\openglupn\ajedrez.cpp(58): warning C4244: 'argumento' : conversión de 'double' a 'GLfloat'; posible pérdida de datos
     1>c:\users\elber\desktop\ejemplo\openglupn\openglupn\ajedrez.cpp(59): warning C4244: 'argumento' : conversión de 'double' a 'GLfloat'; posible pérdida de datos
     1>c:\users\elber\desktop\ejemplo\openglupn\openglupn\ajedrez.cpp(60): warning C4244: 'argumento' : conversión de 'double' a 'GLfloat'; posible pérdida de datos
     1>c:\users\elber\desktop\ejemplo\openglupn\openglupn\ajedrez.cpp(64): warning C4305: 'argumento' : truncamiento de 'double' a 'GLfloat'
     1>c:\users\elber\desktop\ejemplo\openglupn\openglupn\ajedrez.cpp(65): warning C4244: 'argumento' : conversión de 'double' a 'GLfloat'; posible pérdida de datos
     1>c:\users\elber\desktop\ejemplo\openglupn\openglupn\ajedrez.cpp(66): warning C4244: 'argumento' : conversión de 'double' a 'GLfloat'; posible pérdida de datos
     1>c:\users\elber\desktop\ejemplo\openglupn\openglupn\ajedrez.cpp(67): warning C4244: 'argumento' : conversión de 'double' a 'GLfloat'; posible pérdida de datos
     1>c:\users\elber\desktop\ejemplo\openglupn\openglupn\ajedrez.cpp(68): warning C4244: 'argumento' : conversión de 'double' a 'GLfloat'; posible pérdida de datos
     1>c:\users\elber\desktop\ejemplo\openglupn\openglupn\ajedrez.cpp(72): warning C4305: 'argumento' : truncamiento de 'double' a 'GLfloat'
     1>c:\users\elber\desktop\ejemplo\openglupn\openglupn\ajedrez.cpp(73): warning C4244: 'argumento' : conversión de 'double' a 'GLfloat'; posible pérdida de datos
     1>c:\users\elber\desktop\ejemplo\openglupn\openglupn\ajedrez.cpp(74): warning C4244: 'argumento' : conversión de 'double' a 'GLfloat'; posible pérdida de datos
     1>c:\users\elber\desktop\ejemplo\openglupn\openglupn\ajedrez.cpp(75): warning C4244: 'argumento' : conversión de 'double' a 'GLfloat'; posible pérdida de datos
     1>c:\users\elber\desktop\ejemplo\openglupn\openglupn\ajedrez.cpp(76): warning C4244: 'argumento' : conversión de 'double' a 'GLfloat'; posible pérdida de datos
     1>c:\users\elber\desktop\ejemplo\openglupn\openglupn\ajedrez.cpp(81): warning C4305: 'argumento' : truncamiento de 'double' a 'GLfloat'
     1>c:\users\elber\desktop\ejemplo\openglupn\openglupn\ajedrez.cpp(82): warning C4244: 'argumento' : conversión de 'double' a 'GLfloat'; posible pérdida de datos
     1>c:\users\elber\desktop\ejemplo\openglupn\openglupn\ajedrez.cpp(83): warning C4244: 'argumento' : conversión de 'double' a 'GLfloat'; posible pérdida de datos
     1>c:\users\elber\desktop\ejemplo\openglupn\openglupn\ajedrez.cpp(84): warning C4244: 'argumento' : conversión de 'double' a 'GLfloat'; posible pérdida de datos
     1>c:\users\elber\desktop\ejemplo\openglupn\openglupn\ajedrez.cpp(85): warning C4244: 'argumento' : conversión de 'double' a 'GLfloat'; posible pérdida de datos
     1>c:\users\elber\desktop\ejemplo\openglupn\openglupn\ajedrez.cpp(89): warning C4305: 'argumento' : truncamiento de 'double' a 'GLfloat'
     1>c:\users\elber\desktop\ejemplo\openglupn\openglupn\ajedrez.cpp(90): warning C4244: 'argumento' : conversión de 'double' a 'GLfloat'; posible pérdida de datos
     1>c:\users\elber\desktop\ejemplo\openglupn\openglupn\ajedrez.cpp(91): warning C4244: 'argumento' : conversión de 'double' a 'GLfloat'; posible pérdida de datos
     1>c:\users\elber\desktop\ejemplo\openglupn\openglupn\ajedrez.cpp(92): warning C4244: 'argumento' : conversión de 'double' a 'GLfloat'; posible pérdida de datos
     1>c:\users\elber\desktop\ejemplo\openglupn\openglupn\ajedrez.cpp(93): warning C4244: 'argumento' : conversión de 'double' a 'GLfloat'; posible pérdida de datos
     1>c:\users\elber\desktop\ejemplo\openglupn\openglupn\ajedrez.cpp(97): warning C4305: 'argumento' : truncamiento de 'double' a 'GLfloat'
     1>c:\users\elber\desktop\ejemplo\openglupn\openglupn\ajedrez.cpp(98): warning C4244: 'argumento' : conversión de 'double' a 'GLfloat'; posible pérdida de datos
     1>c:\users\elber\desktop\ejemplo\openglupn\openglupn\ajedrez.cpp(99): warning C4244: 'argumento' : conversión de 'double' a 'GLfloat'; posible pérdida de datos
     1>c:\users\elber\desktop\ejemplo\openglupn\openglupn\ajedrez.cpp(100): warning C4244: 'argumento' : conversión de 'double' a 'GLfloat'; posible pérdida de datos
     1>c:\users\elber\desktop\ejemplo\openglupn\openglupn\ajedrez.cpp(101): warning C4244: 'argumento' : conversión de 'double' a 'GLfloat'; posible pérdida de datos
     1>c:\users\elber\desktop\ejemplo\openglupn\openglupn\ajedrez.cpp(105): warning C4305: 'argumento' : truncamiento de 'double' a 'GLfloat'
     1>c:\users\elber\desktop\ejemplo\openglupn\openglupn\ajedrez.cpp(106): warning C4244: 'argumento' : conversión de 'double' a 'GLfloat'; posible pérdida de datos
     1>c:\users\elber\desktop\ejemplo\openglupn\openglupn\ajedrez.cpp(107): warning C4244: 'argumento' : conversión de 'double' a 'GLfloat'; posible pérdida de datos
     1>c:\users\elber\desktop\ejemplo\openglupn\openglupn\ajedrez.cpp(108): warning C4244: 'argumento' : conversión de 'double' a 'GLfloat'; posible pérdida de datos
     1>c:\users\elber\desktop\ejemplo\openglupn\openglupn\ajedrez.cpp(109): warning C4244: 'argumento' : conversión de 'double' a 'GLfloat'; posible pérdida de datos
     1>c:\users\elber\desktop\ejemplo\openglupn\openglupn\ajedrez.cpp(114): warning C4305: 'argumento' : truncamiento de 'double' a 'GLfloat'
     1>c:\users\elber\desktop\ejemplo\openglupn\openglupn\ajedrez.cpp(115): warning C4244: 'argumento' : conversión de 'double' a 'GLfloat'; posible pérdida de datos
     1>c:\users\elber\desktop\ejemplo\openglupn\openglupn\ajedrez.cpp(116): warning C4244: 'argumento' : conversión de 'double' a 'GLfloat'; posible pérdida de datos
     1>c:\users\elber\desktop\ejemplo\openglupn\openglupn\ajedrez.cpp(117): warning C4244: 'argumento' : conversión de 'double' a 'GLfloat'; posible pérdida de datos
     1>c:\users\elber\desktop\ejemplo\openglupn\openglupn\ajedrez.cpp(118): warning C4244: 'argumento' : conversión de 'double' a 'GLfloat'; posible pérdida de datos
     1>c:\users\elber\desktop\ejemplo\openglupn\openglupn\ajedrez.cpp(123): warning C4305: 'argumento' : truncamiento de 'double' a 'GLfloat'
     1>c:\users\elber\desktop\ejemplo\openglupn\openglupn\ajedrez.cpp(124): warning C4244: 'argumento' : conversión de 'double' a 'GLfloat'; posible pérdida de datos
     1>c:\users\elber\desktop\ejemplo\openglupn\openglupn\ajedrez.cpp(125): warning C4244: 'argumento' : conversión de 'double' a 'GLfloat'; posible pérdida de datos
     1>c:\users\elber\desktop\ejemplo\openglupn\openglupn\ajedrez.cpp(126): warning C4244: 'argumento' : conversión de 'double' a 'GLfloat'; posible pérdida de datos
     1>c:\users\elber\desktop\ejemplo\openglupn\openglupn\ajedrez.cpp(127): warning C4244: 'argumento' : conversión de 'double' a 'GLfloat'; posible pérdida de datos
     1>c:\users\elber\desktop\ejemplo\openglupn\openglupn\ajedrez.cpp(132): warning C4305: 'argumento' : truncamiento de 'double' a 'GLfloat'
     1>c:\users\elber\desktop\ejemplo\openglupn\openglupn\ajedrez.cpp(133): warning C4244: 'argumento' : conversión de 'double' a 'GLfloat'; posible pérdida de datos
     1>c:\users\elber\desktop\ejemplo\openglupn\openglupn\ajedrez.cpp(134): warning C4244: 'argumento' : conversión de 'double' a 'GLfloat'; posible pérdida de datos
     1>c:\users\elber\desktop\ejemplo\openglupn\openglupn\ajedrez.cpp(135): warning C4244: 'argumento' : conversión de 'double' a 'GLfloat'; posible pérdida de datos
     1>c:\users\elber\desktop\ejemplo\openglupn\openglupn\ajedrez.cpp(136): warning C4244: 'argumento' : conversión de 'double' a 'GLfloat'; posible pérdida de datos
     1>c:\users\elber\desktop\ejemplo\openglupn\openglupn\ajedrez.cpp(140): warning C4305: 'argumento' : truncamiento de 'double' a 'GLfloat'
     1>c:\users\elber\desktop\ejemplo\openglupn\openglupn\ajedrez.cpp(141): warning C4244: 'argumento' : conversión de 'double' a 'GLfloat'; posible pérdida de datos
     1>c:\users\elber\desktop\ejemplo\openglupn\openglupn\ajedrez.cpp(142): warning C4244: 'argumento' : conversión de 'double' a 'GLfloat'; posible pérdida de datos
     1>c:\users\elber\desktop\ejemplo\openglupn\openglupn\ajedrez.cpp(143): warning C4244: 'argumento' : conversión de 'double' a 'GLfloat'; posible pérdida de datos
     1>c:\users\elber\desktop\ejemplo\openglupn\openglupn\ajedrez.cpp(144): warning C4244: 'argumento' : conversión de 'double' a 'GLfloat'; posible pérdida de datos
     1>c:\users\elber\desktop\ejemplo\openglupn\openglupn\ajedrez.cpp(148): warning C4305: 'argumento' : truncamiento de 'double' a 'GLfloat'
     1>c:\users\elber\desktop\ejemplo\openglupn\openglupn\ajedrez.cpp(149): warning C4244: 'argumento' : conversión de 'double' a 'GLfloat'; posible pérdida de datos
     1>c:\users\elber\desktop\ejemplo\openglupn\openglupn\ajedrez.cpp(150): warning C4244: 'argumento' : conversión de 'double' a 'GLfloat'; posible pérdida de datos
     1>c:\users\elber\desktop\ejemplo\openglupn\openglupn\ajedrez.cpp(151): warning C4244: 'argumento' : conversión de 'double' a 'GLfloat'; posible pérdida de datos
     1>c:\users\elber\desktop\ejemplo\openglupn\openglupn\ajedrez.cpp(152): warning C4244: 'argumento' : conversión de 'double' a 'GLfloat'; posible pérdida de datos
     1>c:\users\elber\desktop\ejemplo\openglupn\openglupn\ajedrez.cpp(156): warning C4305: 'argumento' : truncamiento de 'double' a 'GLfloat'
     1>c:\users\elber\desktop\ejemplo\openglupn\openglupn\ajedrez.cpp(157): warning C4244: 'argumento' : conversión de 'double' a 'GLfloat'; posible pérdida de datos
     1>c:\users\elber\desktop\ejemplo\openglupn\openglupn\ajedrez.cpp(158): warning C4244: 'argumento' : conversión de 'double' a 'GLfloat'; posible pérdida de datos
     1>c:\users\elber\desktop\ejemplo\openglupn\openglupn\ajedrez.cpp(159): warning C4244: 'argumento' : conversión de 'double' a 'GLfloat'; posible pérdida de datos
     1>c:\users\elber\desktop\ejemplo\openglupn\openglupn\ajedrez.cpp(160): warning C4244: 'argumento' : conversión de 'double' a 'GLfloat'; posible pérdida de datos
     1>c:\users\elber\desktop\ejemplo\openglupn\openglupn\ajedrez.cpp(166): warning C4305: 'argumento' : truncamiento de 'double' a 'GLfloat'
     1>c:\users\elber\desktop\ejemplo\openglupn\openglupn\ajedrez.cpp(167): warning C4244: 'argumento' : conversión de 'double' a 'GLfloat'; posible pérdida de datos
     1>c:\users\elber\desktop\ejemplo\openglupn\openglupn\ajedrez.cpp(168): warning C4244: 'argumento' : conversión de 'double' a 'GLfloat'; posible pérdida de datos
     1>c:\users\elber\desktop\ejemplo\openglupn\openglupn\ajedrez.cpp(169): warning C4244: 'argumento' : conversión de 'double' a 'GLfloat'; posible pérdida de datos
     1>c:\users\elber\desktop\ejemplo\openglupn\openglupn\ajedrez.cpp(170): warning C4244: 'argumento' : conversión de 'double' a 'GLfloat'; posible pérdida de datos
     1>c:\users\elber\desktop\ejemplo\openglupn\openglupn\ajedrez.cpp(175): warning C4305: 'argumento' : truncamiento de 'double' a 'GLfloat'
     1>c:\users\elber\desktop\ejemplo\openglupn\openglupn\ajedrez.cpp(176): warning C4244: 'argumento' : conversión de 'double' a 'GLfloat'; posible pérdida de datos
     1>c:\users\elber\desktop\ejemplo\openglupn\openglupn\ajedrez.cpp(177): warning C4244: 'argumento' : conversión de 'double' a 'GLfloat'; posible pérdida de datos
     1>c:\users\elber\desktop\ejemplo\openglupn\openglupn\ajedrez.cpp(178): warning C4244: 'argumento' : conversión de 'double' a 'GLfloat'; posible pérdida de datos
     1>c:\users\elber\desktop\ejemplo\openglupn\openglupn\ajedrez.cpp(179): warning C4244: 'argumento' : conversión de 'double' a 'GLfloat'; posible pérdida de datos
     1>c:\users\elber\desktop\ejemplo\openglupn\openglupn\ajedrez.cpp(183): warning C4305: 'argumento' : truncamiento de 'double' a 'GLfloat'
     1>c:\users\elber\desktop\ejemplo\openglupn\openglupn\ajedrez.cpp(184): warning C4244: 'argumento' : conversión de 'double' a 'GLfloat'; posible pérdida de datos
     1>c:\users\elber\desktop\ejemplo\openglupn\openglupn\ajedrez.cpp(185): warning C4244: 'argumento' : conversión de 'double' a 'GLfloat'; posible pérdida de datos
     1>c:\users\elber\desktop\ejemplo\openglupn\openglupn\ajedrez.cpp(186): warning C4244: 'argumento' : conversión de 'double' a 'GLfloat'; posible pérdida de datos
     1>c:\users\elber\desktop\ejemplo\openglupn\openglupn\ajedrez.cpp(187): warning C4244: 'argumento' : conversión de 'double' a 'GLfloat'; posible pérdida de datos
     1>c:\users\elber\desktop\ejemplo\openglupn\openglupn\ajedrez.cpp(191): warning C4305: 'argumento' : truncamiento de 'double' a 'GLfloat'
     1>c:\users\elber\desktop\ejemplo\openglupn\openglupn\ajedrez.cpp(192): warning C4244: 'argumento' : conversión de 'double' a 'GLfloat'; posible pérdida de datos
     1>c:\users\elber\desktop\ejemplo\openglupn\openglupn\ajedrez.cpp(193): warning C4244: 'argumento' : conversión de 'double' a 'GLfloat'; posible pérdida de datos
     1>c:\users\elber\desktop\ejemplo\openglupn\openglupn\ajedrez.cpp(194): warning C4244: 'argumento' : conversión de 'double' a 'GLfloat'; posible pérdida de datos
     1>c:\users\elber\desktop\ejemplo\openglupn\openglupn\ajedrez.cpp(195): warning C4244: 'argumento' : conversión de 'double' a 'GLfloat'; posible pérdida de datos
     1>c:\users\elber\desktop\ejemplo\openglupn\openglupn\ajedrez.cpp(199): warning C4305: 'argumento' : truncamiento de 'double' a 'GLfloat'
     1>c:\users\elber\desktop\ejemplo\openglupn\openglupn\ajedrez.cpp(200): warning C4244: 'argumento' : conversión de 'double' a 'GLfloat'; posible pérdida de datos
     1>c:\users\elber\desktop\ejemplo\openglupn\openglupn\ajedrez.cpp(201): warning C4244: 'argumento' : conversión de 'double' a 'GLfloat'; posible pérdida de datos
     1>c:\users\elber\desktop\ejemplo\openglupn\openglupn\ajedrez.cpp(202): warning C4244: 'argumento' : conversión de 'double' a 'GLfloat'; posible pérdida de datos
     1>c:\users\elber\desktop\ejemplo\openglupn\openglupn\ajedrez.cpp(203): warning C4244: 'argumento' : conversión de 'double' a 'GLfloat'; posible pérdida de datos
     1>c:\users\elber\desktop\ejemplo\openglupn\openglupn\ajedrez.cpp(208): warning C4305: 'argumento' : truncamiento de 'double' a 'GLfloat'
     1>c:\users\elber\desktop\ejemplo\openglupn\openglupn\ajedrez.cpp(209): warning C4244: 'argumento' : conversión de 'double' a 'GLfloat'; posible pérdida de datos
     1>c:\users\elber\desktop\ejemplo\openglupn\openglupn\ajedrez.cpp(210): warning C4244: 'argumento' : conversión de 'double' a 'GLfloat'; posible pérdida de datos
     1>c:\users\elber\desktop\ejemplo\openglupn\openglupn\ajedrez.cpp(211): warning C4244: 'argumento' : conversión de 'double' a 'GLfloat'; posible pérdida de datos
     1>c:\users\elber\desktop\ejemplo\openglupn\openglupn\ajedrez.cpp(212): warning C4244: 'argumento' : conversión de 'double' a 'GLfloat'; posible pérdida de datos
     1>c:\users\elber\desktop\ejemplo\openglupn\openglupn\ajedrez.cpp(216): warning C4305: 'argumento' : truncamiento de 'double' a 'GLfloat'
     1>c:\users\elber\desktop\ejemplo\openglupn\openglupn\ajedrez.cpp(217): warning C4244: 'argumento' : conversión de 'double' a 'GLfloat'; posible pérdida de datos
     1>c:\users\elber\desktop\ejemplo\openglupn\openglupn\ajedrez.cpp(218): warning C4244: 'argumento' : conversión de 'double' a 'GLfloat'; posible pérdida de datos
     1>c:\users\elber\desktop\ejemplo\openglupn\openglupn\ajedrez.cpp(219): warning C4244: 'argumento' : conversión de 'double' a 'GLfloat'; posible pérdida de datos
     1>c:\users\elber\desktop\ejemplo\openglupn\openglupn\ajedrez.cpp(220): warning C4244: 'argumento' : conversión de 'double' a 'GLfloat'; posible pérdida de datos
     1>c:\users\elber\desktop\ejemplo\openglupn\openglupn\ajedrez.cpp(224): warning C4305: 'argumento' : truncamiento de 'double' a 'GLfloat'
     1>c:\users\elber\desktop\ejemplo\openglupn\openglupn\ajedrez.cpp(225): warning C4244: 'argumento' : conversión de 'double' a 'GLfloat'; posible pérdida de datos
     1>c:\users\elber\desktop\ejemplo\openglupn\openglupn\ajedrez.cpp(226): warning C4244: 'argumento' : conversión de 'double' a 'GLfloat'; posible pérdida de datos
     1>c:\users\elber\desktop\ejemplo\openglupn\openglupn\ajedrez.cpp(227): warning C4244: 'argumento' : conversión de 'double' a 'GLfloat'; posible pérdida de datos
     1>c:\users\elber\desktop\ejemplo\openglupn\openglupn\ajedrez.cpp(228): warning C4244: 'argumento' : conversión de 'double' a 'GLfloat'; posible pérdida de datos
     1>c:\users\elber\desktop\ejemplo\openglupn\openglupn\ajedrez.cpp(232): warning C4305: 'argumento' : truncamiento de 'double' a 'GLfloat'
     1>c:\users\elber\desktop\ejemplo\openglupn\openglupn\ajedrez.cpp(233): warning C4244: 'argumento' : conversión de 'double' a 'GLfloat'; posible pérdida de datos
     1>c:\users\elber\desktop\ejemplo\openglupn\openglupn\ajedrez.cpp(234): warning C4244: 'argumento' : conversión de 'double' a 'GLfloat'; posible pérdida de datos
     1>c:\users\elber\desktop\ejemplo\openglupn\openglupn\ajedrez.cpp(235): warning C4244: 'argumento' : conversión de 'double' a 'GLfloat'; posible pérdida de datos
     1>c:\users\elber\desktop\ejemplo\openglupn\openglupn\ajedrez.cpp(236): warning C4244: 'argumento' : conversión de 'double' a 'GLfloat'; posible pérdida de datos
     1>c:\users\elber\desktop\ejemplo\openglupn\openglupn\ajedrez.cpp(241): warning C4305: 'argumento' : truncamiento de 'double' a 'GLfloat'
     1>c:\users\elber\desktop\ejemplo\openglupn\openglupn\ajedrez.cpp(242): warning C4244: 'argumento' : conversión de 'double' a 'GLfloat'; posible pérdida de datos
     1>c:\users\elber\desktop\ejemplo\openglupn\openglupn\ajedrez.cpp(243): warning C4244: 'argumento' : conversión de 'double' a 'GLfloat'; posible pérdida de datos
     1>c:\users\elber\desktop\ejemplo\openglupn\openglupn\ajedrez.cpp(244): warning C4244: 'argumento' : conversión de 'double' a 'GLfloat'; posible pérdida de datos
     1>c:\users\elber\desktop\ejemplo\openglupn\openglupn\ajedrez.cpp(245): warning C4244: 'argumento' : conversión de 'double' a 'GLfloat'; posible pérdida de datos
     1>c:\users\elber\desktop\ejemplo\openglupn\openglupn\ajedrez.cpp(249): warning C4305: 'argumento' : truncamiento de 'double' a 'GLfloat'
     1>c:\users\elber\desktop\ejemplo\openglupn\openglupn\ajedrez.cpp(250): warning C4244: 'argumento' : conversión de 'double' a 'GLfloat'; posible pérdida de datos
     1>c:\users\elber\desktop\ejemplo\openglupn\openglupn\ajedrez.cpp(251): warning C4244: 'argumento' : conversión de 'double' a 'GLfloat'; posible pérdida de datos
     1>c:\users\elber\desktop\ejemplo\openglupn\openglupn\ajedrez.cpp(252): warning C4244: 'argumento' : conversión de 'double' a 'GLfloat'; posible pérdida de datos
     1>c:\users\elber\desktop\ejemplo\openglupn\openglupn\ajedrez.cpp(253): warning C4244: 'argumento' : conversión de 'double' a 'GLfloat'; posible pérdida de datos
     1>c:\users\elber\desktop\ejemplo\openglupn\openglupn\ajedrez.cpp(257): warning C4305: 'argumento' : truncamiento de 'double' a 'GLfloat'
     1>c:\users\elber\desktop\ejemplo\openglupn\openglupn\ajedrez.cpp(258): warning C4244: 'argumento' : conversión de 'double' a 'GLfloat'; posible pérdida de datos
     1>c:\users\elber\desktop\ejemplo\openglupn\openglupn\ajedrez.cpp(259): warning C4244: 'argumento' : conversión de 'double' a 'GLfloat'; posible pérdida de datos
     1>c:\users\elber\desktop\ejemplo\openglupn\openglupn\ajedrez.cpp(260): warning C4244: 'argumento' : conversión de 'double' a 'GLfloat'; posible pérdida de datos
     1>c:\users\elber\desktop\ejemplo\openglupn\openglupn\ajedrez.cpp(261): warning C4244: 'argumento' : conversión de 'double' a 'GLfloat'; posible pérdida de datos
     1>c:\users\elber\desktop\ejemplo\openglupn\openglupn\ajedrez.cpp(265): warning C4305: 'argumento' : truncamiento de 'double' a 'GLfloat'
     1>c:\users\elber\desktop\ejemplo\openglupn\openglupn\ajedrez.cpp(266): warning C4244: 'argumento' : conversión de 'double' a 'GLfloat'; posible pérdida de datos
     1>c:\users\elber\desktop\ejemplo\openglupn\openglupn\ajedrez.cpp(267): warning C4244: 'argumento' : conversión de 'double' a 'GLfloat'; posible pérdida de datos
     1>c:\users\elber\desktop\ejemplo\openglupn\openglupn\ajedrez.cpp(268): warning C4244: 'argumento' : conversión de 'double' a 'GLfloat'; posible pérdida de datos
     1>c:\users\elber\desktop\ejemplo\openglupn\openglupn\ajedrez.cpp(269): warning C4244: 'argumento' : conversión de 'double' a 'GLfloat'; posible pérdida de datos
     1>c:\users\elber\desktop\ejemplo\openglupn\openglupn\ajedrez.cpp(274): warning C4305: 'argumento' : truncamiento de 'double' a 'GLfloat'
     1>c:\users\elber\desktop\ejemplo\openglupn\openglupn\ajedrez.cpp(275): warning C4244: 'argumento' : conversión de 'double' a 'GLfloat'; posible pérdida de datos
     1>c:\users\elber\desktop\ejemplo\openglupn\openglupn\ajedrez.cpp(276): warning C4244: 'argumento' : conversión de 'double' a 'GLfloat'; posible pérdida de datos
     1>c:\users\elber\desktop\ejemplo\openglupn\openglupn\ajedrez.cpp(277): warning C4244: 'argumento' : conversión de 'double' a 'GLfloat'; posible pérdida de datos
     1>c:\users\elber\desktop\ejemplo\openglupn\openglupn\ajedrez.cpp(278): warning C4244: 'argumento' : conversión de 'double' a 'GLfloat'; posible pérdida de datos
     1>c:\users\elber\desktop\ejemplo\openglupn\openglupn\ajedrez.cpp(282): warning C4305: 'argumento' : truncamiento de 'double' a 'GLfloat'
     1>c:\users\elber\desktop\ejemplo\openglupn\openglupn\ajedrez.cpp(283): warning C4244: 'argumento' : conversión de 'double' a 'GLfloat'; posible pérdida de datos
     1>c:\users\elber\desktop\ejemplo\openglupn\openglupn\ajedrez.cpp(284): warning C4244: 'argumento' : conversión de 'double' a 'GLfloat'; posible pérdida de datos
     1>c:\users\elber\desktop\ejemplo\openglupn\openglupn\ajedrez.cpp(285): warning C4244: 'argumento' : conversión de 'double' a 'GLfloat'; posible pérdida de datos
     1>c:\users\elber\desktop\ejemplo\openglupn\openglupn\ajedrez.cpp(286): warning C4244: 'argumento' : conversión de 'double' a 'GLfloat'; posible pérdida de datos
     1>c:\users\elber\desktop\ejemplo\openglupn\openglupn\ajedrez.cpp(290): warning C4305: 'argumento' : truncamiento de 'double' a 'GLfloat'
     1>c:\users\elber\desktop\ejemplo\openglupn\openglupn\ajedrez.cpp(291): warning C4244: 'argumento' : conversión de 'double' a 'GLfloat'; posible pérdida de datos
     1>c:\users\elber\desktop\ejemplo\openglupn\openglupn\ajedrez.cpp(292): warning C4244: 'argumento' : conversión de 'double' a 'GLfloat'; posible pérdida de datos
     1>c:\users\elber\desktop\ejemplo\openglupn\openglupn\ajedrez.cpp(293): warning C4244: 'argumento' : conversión de 'double' a 'GLfloat'; posible pérdida de datos
     1>c:\users\elber\desktop\ejemplo\openglupn\openglupn\ajedrez.cpp(294): warning C4244: 'argumento' : conversión de 'double' a 'GLfloat'; posible pérdida de datos
     1>c:\users\elber\desktop\ejemplo\openglupn\openglupn\ajedrez.cpp(298): warning C4305: 'argumento' : truncamiento de 'double' a 'GLfloat'
     1>c:\users\elber\desktop\ejemplo\openglupn\openglupn\ajedrez.cpp(299): warning C4244: 'argumento' : conversión de 'double' a 'GLfloat'; posible pérdida de datos
     1>c:\users\elber\desktop\ejemplo\openglupn\openglupn\ajedrez.cpp(300): warning C4244: 'argumento' : conversión de 'double' a 'GLfloat'; posible pérdida de datos
     1>c:\users\elber\desktop\ejemplo\openglupn\openglupn\ajedrez.cpp(301): warning C4244: 'argumento' : conversión de 'double' a 'GLfloat'; posible pérdida de datos
     1>c:\users\elber\desktop\ejemplo\openglupn\openglupn\ajedrez.cpp(302): warning C4244: 'argumento' : conversión de 'double' a 'GLfloat'; posible pérdida de datos
     1>c:\users\elber\desktop\ejemplo\openglupn\openglupn\ajedrez.cpp(307): warning C4305: 'argumento' : truncamiento de 'double' a 'GLfloat'
     1>c:\users\elber\desktop\ejemplo\openglupn\openglupn\ajedrez.cpp(308): warning C4244: 'argumento' : conversión de 'double' a 'GLfloat'; posible pérdida de datos
     1>c:\users\elber\desktop\ejemplo\openglupn\openglupn\ajedrez.cpp(309): warning C4244: 'argumento' : conversión de 'double' a 'GLfloat'; posible pérdida de datos
     1>c:\users\elber\desktop\ejemplo\openglupn\openglupn\ajedrez.cpp(310): warning C4244: 'argumento' : conversión de 'double' a 'GLfloat'; posible pérdida de datos
     1>c:\users\elber\desktop\ejemplo\openglupn\openglupn\ajedrez.cpp(311): warning C4244: 'argumento' : conversión de 'double' a 'GLfloat'; posible pérdida de datos
     1>c:\users\elber\desktop\ejemplo\openglupn\openglupn\ajedrez.cpp(312): warning C4244: 'argumento' : conversión de 'double' a 'GLfloat'; posible pérdida de datos
     1>c:\users\elber\desktop\ejemplo\openglupn\openglupn\ajedrez.cpp(313): warning C4244: 'argumento' : conversión de 'double' a 'GLfloat'; posible pérdida de datos
     1>c:\users\elber\desktop\ejemplo\openglupn\openglupn\ajedrez.cpp(317): warning C4305: 'argumento' : truncamiento de 'double' a 'GLfloat'
     1>c:\users\elber\desktop\ejemplo\openglupn\openglupn\ajedrez.cpp(318): warning C4244: 'argumento' : conversión de 'double' a 'GLfloat'; posible pérdida de datos
     1>c:\users\elber\desktop\ejemplo\openglupn\openglupn\ajedrez.cpp(319): warning C4244: 'argumento' : conversión de 'double' a 'GLfloat'; posible pérdida de datos
     1>c:\users\elber\desktop\ejemplo\openglupn\openglupn\ajedrez.cpp(320): warning C4244: 'argumento' : conversión de 'double' a 'GLfloat'; posible pérdida de datos
     1>c:\users\elber\desktop\ejemplo\openglupn\openglupn\ajedrez.cpp(321): warning C4244: 'argumento' : conversión de 'double' a 'GLfloat'; posible pérdida de datos
     1>c:\users\elber\desktop\ejemplo\openglupn\openglupn\ajedrez.cpp(322): warning C4244: 'argumento' : conversión de 'double' a 'GLfloat'; posible pérdida de datos
     1>c:\users\elber\desktop\ejemplo\openglupn\openglupn\ajedrez.cpp(323): warning C4244: 'argumento' : conversión de 'double' a 'GLfloat'; posible pérdida de datos
     1>c:\users\elber\desktop\ejemplo\openglupn\openglupn\ajedrez.cpp(327): warning C4305: 'argumento' : truncamiento de 'double' a 'GLfloat'
     1>c:\users\elber\desktop\ejemplo\openglupn\openglupn\ajedrez.cpp(328): warning C4244: 'argumento' : conversión de 'double' a 'GLfloat'; posible pérdida de datos
     1>c:\users\elber\desktop\ejemplo\openglupn\openglupn\ajedrez.cpp(329): warning C4244: 'argumento' : conversión de 'double' a 'GLfloat'; posible pérdida de datos
     1>c:\users\elber\desktop\ejemplo\openglupn\openglupn\ajedrez.cpp(330): warning C4244: 'argumento' : conversión de 'double' a 'GLfloat'; posible pérdida de datos
     1>c:\users\elber\desktop\ejemplo\openglupn\openglupn\ajedrez.cpp(331): warning C4244: 'argumento' : conversión de 'double' a 'GLfloat'; posible pérdida de datos
     1>c:\users\elber\desktop\ejemplo\openglupn\openglupn\ajedrez.cpp(332): warning C4244: 'argumento' : conversión de 'double' a 'GLfloat'; posible pérdida de datos
     1>c:\users\elber\desktop\ejemplo\openglupn\openglupn\ajedrez.cpp(333): warning C4244: 'argumento' : conversión de 'double' a 'GLfloat'; posible pérdida de datos
     1>c:\users\elber\desktop\ejemplo\openglupn\openglupn\ajedrez.cpp(337): warning C4305: 'argumento' : truncamiento de 'double' a 'GLfloat'
     1>c:\users\elber\desktop\ejemplo\openglupn\openglupn\ajedrez.cpp(338): warning C4244: 'argumento' : conversión de 'double' a 'GLfloat'; posible pérdida de datos
     1>c:\users\elber\desktop\ejemplo\openglupn\openglupn\ajedrez.cpp(339): warning C4244: 'argumento' : conversión de 'double' a 'GLfloat'; posible pérdida de datos
     1>c:\users\elber\desktop\ejemplo\openglupn\openglupn\ajedrez.cpp(340): warning C4244: 'argumento' : conversión de 'double' a 'GLfloat'; posible pérdida de datos
     1>c:\users\elber\desktop\ejemplo\openglupn\openglupn\ajedrez.cpp(341): warning C4244: 'argumento' : conversión de 'double' a 'GLfloat'; posible pérdida de datos
     1>c:\users\elber\desktop\ejemplo\openglupn\openglupn\ajedrez.cpp(342): warning C4244: 'argumento' : conversión de 'double' a 'GLfloat'; posible pérdida de datos
     1>c:\users\elber\desktop\ejemplo\openglupn\openglupn\ajedrez.cpp(343): warning C4244: 'argumento' : conversión de 'double' a 'GLfloat'; posible pérdida de datos
     1>c:\users\elber\desktop\ejemplo\openglupn\openglupn\ajedrez.cpp(348): warning C4305: 'argumento' : truncamiento de 'double' a 'GLfloat'
     1>c:\users\elber\desktop\ejemplo\openglupn\openglupn\ajedrez.cpp(349): warning C4244: 'argumento' : conversión de 'double' a 'GLfloat'; posible pérdida de datos
     1>c:\users\elber\desktop\ejemplo\openglupn\openglupn\ajedrez.cpp(350): warning C4244: 'argumento' : conversión de 'double' a 'GLfloat'; posible pérdida de datos
     1>c:\users\elber\desktop\ejemplo\openglupn\openglupn\ajedrez.cpp(351): warning C4244: 'argumento' : conversión de 'double' a 'GLfloat'; posible pérdida de datos
     1>c:\users\elber\desktop\ejemplo\openglupn\openglupn\ajedrez.cpp(352): warning C4244: 'argumento' : conversión de 'double' a 'GLfloat'; posible pérdida de datos
     1>c:\users\elber\desktop\ejemplo\openglupn\openglupn\ajedrez.cpp(356): warning C4305: 'argumento' : truncamiento de 'double' a 'GLfloat'
     1>c:\users\elber\desktop\ejemplo\openglupn\openglupn\ajedrez.cpp(357): warning C4244: 'argumento' : conversión de 'double' a 'GLfloat'; posible pérdida de datos
     1>c:\users\elber\desktop\ejemplo\openglupn\openglupn\ajedrez.cpp(358): warning C4244: 'argumento' : conversión de 'double' a 'GLfloat'; posible pérdida de datos
     1>c:\users\elber\desktop\ejemplo\openglupn\openglupn\ajedrez.cpp(359): warning C4244: 'argumento' : conversión de 'double' a 'GLfloat'; posible pérdida de datos
     1>c:\users\elber\desktop\ejemplo\openglupn\openglupn\ajedrez.cpp(360): warning C4244: 'argumento' : conversión de 'double' a 'GLfloat'; posible pérdida de datos
     1>c:\users\elber\desktop\ejemplo\openglupn\openglupn\ajedrez.cpp(364): warning C4305: 'argumento' : truncamiento de 'double' a 'GLfloat'
     1>c:\users\elber\desktop\ejemplo\openglupn\openglupn\ajedrez.cpp(365): warning C4244: 'argumento' : conversión de 'double' a 'GLfloat'; posible pérdida de datos
     1>c:\users\elber\desktop\ejemplo\openglupn\openglupn\ajedrez.cpp(366): warning C4244: 'argumento' : conversión de 'double' a 'GLfloat'; posible pérdida de datos
     1>c:\users\elber\desktop\ejemplo\openglupn\openglupn\ajedrez.cpp(367): warning C4244: 'argumento' : conversión de 'double' a 'GLfloat'; posible pérdida de datos
     1>c:\users\elber\desktop\ejemplo\openglupn\openglupn\ajedrez.cpp(368): warning C4244: 'argumento' : conversión de 'double' a 'GLfloat'; posible pérdida de datos
     1>c:\users\elber\desktop\ejemplo\openglupn\openglupn\ajedrez.cpp(372): warning C4305: 'argumento' : truncamiento de 'double' a 'GLfloat'
     1>c:\users\elber\desktop\ejemplo\openglupn\openglupn\ajedrez.cpp(373): warning C4244: 'argumento' : conversión de 'double' a 'GLfloat'; posible pérdida de datos
     1>c:\users\elber\desktop\ejemplo\openglupn\openglupn\ajedrez.cpp(374): warning C4244: 'argumento' : conversión de 'double' a 'GLfloat'; posible pérdida de datos
     1>c:\users\elber\desktop\ejemplo\openglupn\openglupn\ajedrez.cpp(375): warning C4244: 'argumento' : conversión de 'double' a 'GLfloat'; posible pérdida de datos
     1>c:\users\elber\desktop\ejemplo\openglupn\openglupn\ajedrez.cpp(376): warning C4244: 'argumento' : conversión de 'double' a 'GLfloat'; posible pérdida de datos
     1>c:\users\elber\desktop\ejemplo\openglupn\openglupn\ajedrez.cpp(380): warning C4305: 'argumento' : truncamiento de 'double' a 'GLfloat'
     1>c:\users\elber\desktop\ejemplo\openglupn\openglupn\ajedrez.cpp(381): warning C4244: 'argumento' : conversión de 'double' a 'GLfloat'; posible pérdida de datos
     1>c:\users\elber\desktop\ejemplo\openglupn\openglupn\ajedrez.cpp(382): warning C4244: 'argumento' : conversión de 'double' a 'GLfloat'; posible pérdida de datos
     1>c:\users\elber\desktop\ejemplo\openglupn\openglupn\ajedrez.cpp(383): warning C4244: 'argumento' : conversión de 'double' a 'GLfloat'; posible pérdida de datos
     1>c:\users\elber\desktop\ejemplo\openglupn\openglupn\ajedrez.cpp(384): warning C4244: 'argumento' : conversión de 'double' a 'GLfloat'; posible pérdida de datos
     1>c:\users\elber\desktop\ejemplo\openglupn\openglupn\ajedrez.cpp(388): warning C4305: 'argumento' : truncamiento de 'double' a 'GLfloat'
     1>c:\users\elber\desktop\ejemplo\openglupn\openglupn\ajedrez.cpp(389): warning C4244: 'argumento' : conversión de 'double' a 'GLfloat'; posible pérdida de datos
     1>c:\users\elber\desktop\ejemplo\openglupn\openglupn\ajedrez.cpp(390): warning C4244: 'argumento' : conversión de 'double' a 'GLfloat'; posible pérdida de datos
     1>c:\users\elber\desktop\ejemplo\openglupn\openglupn\ajedrez.cpp(391): warning C4244: 'argumento' : conversión de 'double' a 'GLfloat'; posible pérdida de datos
     1>c:\users\elber\desktop\ejemplo\openglupn\openglupn\ajedrez.cpp(392): warning C4244: 'argumento' : conversión de 'double' a 'GLfloat'; posible pérdida de datos
     1>c:\users\elber\desktop\ejemplo\openglupn\openglupn\ajedrez.cpp(396): warning C4305: 'argumento' : truncamiento de 'double' a 'GLfloat'
     1>c:\users\elber\desktop\ejemplo\openglupn\openglupn\ajedrez.cpp(397): warning C4244: 'argumento' : conversión de 'double' a 'GLfloat'; posible pérdida de datos
     1>c:\users\elber\desktop\ejemplo\openglupn\openglupn\ajedrez.cpp(398): warning C4244: 'argumento' : conversión de 'double' a 'GLfloat'; posible pérdida de datos
     1>c:\users\elber\desktop\ejemplo\openglupn\openglupn\ajedrez.cpp(399): warning C4244: 'argumento' : conversión de 'double' a 'GLfloat'; posible pérdida de datos
     1>c:\users\elber\desktop\ejemplo\openglupn\openglupn\ajedrez.cpp(400): warning C4244: 'argumento' : conversión de 'double' a 'GLfloat'; posible pérdida de datos
     1>c:\users\elber\desktop\ejemplo\openglupn\openglupn\ajedrez.cpp(404): warning C4305: 'argumento' : truncamiento de 'double' a 'GLfloat'
     1>c:\users\elber\desktop\ejemplo\openglupn\openglupn\ajedrez.cpp(405): warning C4244: 'argumento' : conversión de 'double' a 'GLfloat'; posible pérdida de datos
     1>c:\users\elber\desktop\ejemplo\openglupn\openglupn\ajedrez.cpp(406): warning C4244: 'argumento' : conversión de 'double' a 'GLfloat'; posible pérdida de datos
     1>c:\users\elber\desktop\ejemplo\openglupn\openglupn\ajedrez.cpp(407): warning C4244: 'argumento' : conversión de 'double' a 'GLfloat'; posible pérdida de datos
     1>c:\users\elber\desktop\ejemplo\openglupn\openglupn\ajedrez.cpp(408): warning C4244: 'argumento' : conversión de 'double' a 'GLfloat'; posible pérdida de datos
     1>c:\users\elber\desktop\ejemplo\openglupn\openglupn\ajedrez.cpp(412): warning C4305: 'argumento' : truncamiento de 'double' a 'GLfloat'
     1>c:\users\elber\desktop\ejemplo\openglupn\openglupn\ajedrez.cpp(413): warning C4244: 'argumento' : conversión de 'double' a 'GLfloat'; posible pérdida de datos
     1>c:\users\elber\desktop\ejemplo\openglupn\openglupn\ajedrez.cpp(414): warning C4244: 'argumento' : conversión de 'double' a 'GLfloat'; posible pérdida de datos
     1>c:\users\elber\desktop\ejemplo\openglupn\openglupn\ajedrez.cpp(415): warning C4244: 'argumento' : conversión de 'double' a 'GLfloat'; posible pérdida de datos
     1>c:\users\elber\desktop\ejemplo\openglupn\openglupn\ajedrez.cpp(416): warning C4244: 'argumento' : conversión de 'double' a 'GLfloat'; posible pérdida de datos
     1>c:\users\elber\desktop\ejemplo\openglupn\openglupn\ajedrez.cpp(420): warning C4305: 'argumento' : truncamiento de 'double' a 'GLfloat'
     1>c:\users\elber\desktop\ejemplo\openglupn\openglupn\ajedrez.cpp(421): warning C4244: 'argumento' : conversión de 'double' a 'GLfloat'; posible pérdida de datos
     1>c:\users\elber\desktop\ejemplo\openglupn\openglupn\ajedrez.cpp(422): warning C4244: 'argumento' : conversión de 'double' a 'GLfloat'; posible pérdida de datos
     1>c:\users\elber\desktop\ejemplo\openglupn\openglupn\ajedrez.cpp(423): warning C4244: 'argumento' : conversión de 'double' a 'GLfloat'; posible pérdida de datos
     1>c:\users\elber\desktop\ejemplo\openglupn\openglupn\ajedrez.cpp(424): warning C4244: 'argumento' : conversión de 'double' a 'GLfloat'; posible pérdida de datos
     1>c:\users\elber\desktop\ejemplo\openglupn\openglupn\ajedrez.cpp(428): warning C4305: 'argumento' : truncamiento de 'double' a 'GLfloat'
     1>c:\users\elber\desktop\ejemplo\openglupn\openglupn\ajedrez.cpp(429): warning C4244: 'argumento' : conversión de 'double' a 'GLfloat'; posible pérdida de datos
     1>c:\users\elber\desktop\ejemplo\openglupn\openglupn\ajedrez.cpp(430): warning C4244: 'argumento' : conversión de 'double' a 'GLfloat'; posible pérdida de datos
     1>c:\users\elber\desktop\ejemplo\openglupn\openglupn\ajedrez.cpp(431): warning C4244: 'argumento' : conversión de 'double' a 'GLfloat'; posible pérdida de datos
     1>c:\users\elber\desktop\ejemplo\openglupn\openglupn\ajedrez.cpp(432): warning C4244: 'argumento' : conversión de 'double' a 'GLfloat'; posible pérdida de datos
     1>c:\users\elber\desktop\ejemplo\openglupn\openglupn\ajedrez.cpp(436): warning C4305: 'argumento' : truncamiento de 'double' a 'GLfloat'
     1>c:\users\elber\desktop\ejemplo\openglupn\openglupn\ajedrez.cpp(437): warning C4244: 'argumento' : conversión de 'double' a 'GLfloat'; posible pérdida de datos
     1>c:\users\elber\desktop\ejemplo\openglupn\openglupn\ajedrez.cpp(438): warning C4244: 'argumento' : conversión de 'double' a 'GLfloat'; posible pérdida de datos
     1>c:\users\elber\desktop\ejemplo\openglupn\openglupn\ajedrez.cpp(439): warning C4244: 'argumento' : conversión de 'double' a 'GLfloat'; posible pérdida de datos
     1>c:\users\elber\desktop\ejemplo\openglupn\openglupn\ajedrez.cpp(440): warning C4244: 'argumento' : conversión de 'double' a 'GLfloat'; posible pérdida de datos
     1>c:\users\elber\desktop\ejemplo\openglupn\openglupn\ajedrez.cpp(444): warning C4305: 'argumento' : truncamiento de 'double' a 'GLfloat'
     1>c:\users\elber\desktop\ejemplo\openglupn\openglupn\ajedrez.cpp(445): warning C4244: 'argumento' : conversión de 'double' a 'GLfloat'; posible pérdida de datos
     1>c:\users\elber\desktop\ejemplo\openglupn\openglupn\ajedrez.cpp(446): warning C4244: 'argumento' : conversión de 'double' a 'GLfloat'; posible pérdida de datos
     1>c:\users\elber\desktop\ejemplo\openglupn\openglupn\ajedrez.cpp(447): warning C4244: 'argumento' : conversión de 'double' a 'GLfloat'; posible pérdida de datos
     1>c:\users\elber\desktop\ejemplo\openglupn\openglupn\ajedrez.cpp(448): warning C4244: 'argumento' : conversión de 'double' a 'GLfloat'; posible pérdida de datos
     1>c:\users\elber\desktop\ejemplo\openglupn\openglupn\ajedrez.cpp(452): warning C4305: 'argumento' : truncamiento de 'double' a 'GLfloat'
     1>c:\users\elber\desktop\ejemplo\openglupn\openglupn\ajedrez.cpp(453): warning C4244: 'argumento' : conversión de 'double' a 'GLfloat'; posible pérdida de datos
     1>c:\users\elber\desktop\ejemplo\openglupn\openglupn\ajedrez.cpp(454): warning C4244: 'argumento' : conversión de 'double' a 'GLfloat'; posible pérdida de datos
     1>c:\users\elber\desktop\ejemplo\openglupn\openglupn\ajedrez.cpp(455): warning C4244: 'argumento' : conversión de 'double' a 'GLfloat'; posible pérdida de datos
     1>c:\users\elber\desktop\ejemplo\openglupn\openglupn\ajedrez.cpp(456): warning C4244: 'argumento' : conversión de 'double' a 'GLfloat'; posible pérdida de datos
     1>c:\users\elber\desktop\ejemplo\openglupn\openglupn\ajedrez.cpp(460): warning C4305: 'argumento' : truncamiento de 'double' a 'GLfloat'
     1>c:\users\elber\desktop\ejemplo\openglupn\openglupn\ajedrez.cpp(461): warning C4244: 'argumento' : conversión de 'double' a 'GLfloat'; posible pérdida de datos
     1>c:\users\elber\desktop\ejemplo\openglupn\openglupn\ajedrez.cpp(462): warning C4244: 'argumento' : conversión de 'double' a 'GLfloat'; posible pérdida de datos
     1>c:\users\elber\desktop\ejemplo\openglupn\openglupn\ajedrez.cpp(463): warning C4244: 'argumento' : conversión de 'double' a 'GLfloat'; posible pérdida de datos
     1>c:\users\elber\desktop\ejemplo\openglupn\openglupn\ajedrez.cpp(464): warning C4244: 'argumento' : conversión de 'double' a 'GLfloat'; posible pérdida de datos
     1>c:\users\elber\desktop\ejemplo\openglupn\openglupn\ajedrez.cpp(468): warning C4305: 'argumento' : truncamiento de 'double' a 'GLfloat'
     1>c:\users\elber\desktop\ejemplo\openglupn\openglupn\ajedrez.cpp(469): warning C4244: 'argumento' : conversión de 'double' a 'GLfloat'; posible pérdida de datos
     1>c:\users\elber\desktop\ejemplo\openglupn\openglupn\ajedrez.cpp(470): warning C4244: 'argumento' : conversión de 'double' a 'GLfloat'; posible pérdida de datos
     1>c:\users\elber\desktop\ejemplo\openglupn\openglupn\ajedrez.cpp(471): warning C4244: 'argumento' : conversión de 'double' a 'GLfloat'; posible pérdida de datos
     1>c:\users\elber\desktop\ejemplo\openglupn\openglupn\ajedrez.cpp(472): warning C4244: 'argumento' : conversión de 'double' a 'GLfloat'; posible pérdida de datos
     1>c:\users\elber\desktop\ejemplo\openglupn\openglupn\ajedrez.cpp(476): warning C4305: 'argumento' : truncamiento de 'double' a 'GLfloat'
     1>c:\users\elber\desktop\ejemplo\openglupn\openglupn\ajedrez.cpp(477): warning C4244: 'argumento' : conversión de 'double' a 'GLfloat'; posible pérdida de datos
     1>c:\users\elber\desktop\ejemplo\openglupn\openglupn\ajedrez.cpp(478): warning C4244: 'argumento' : conversión de 'double' a 'GLfloat'; posible pérdida de datos
     1>c:\users\elber\desktop\ejemplo\openglupn\openglupn\ajedrez.cpp(479): warning C4244: 'argumento' : conversión de 'double' a 'GLfloat'; posible pérdida de datos
     1>c:\users\elber\desktop\ejemplo\openglupn\openglupn\ajedrez.cpp(480): warning C4244: 'argumento' : conversión de 'double' a 'GLfloat'; posible pérdida de datos
     1>c:\users\elber\desktop\ejemplo\openglupn\openglupn\ajedrez.cpp(484): warning C4305: 'argumento' : truncamiento de 'double' a 'GLfloat'
     1>c:\users\elber\desktop\ejemplo\openglupn\openglupn\ajedrez.cpp(485): warning C4244: 'argumento' : conversión de 'double' a 'GLfloat'; posible pérdida de datos
     1>c:\users\elber\desktop\ejemplo\openglupn\openglupn\ajedrez.cpp(486): warning C4244: 'argumento' : conversión de 'double' a 'GLfloat'; posible pérdida de datos
     1>c:\users\elber\desktop\ejemplo\openglupn\openglupn\ajedrez.cpp(487): warning C4244: 'argumento' : conversión de 'double' a 'GLfloat'; posible pérdida de datos
     1>c:\users\elber\desktop\ejemplo\openglupn\openglupn\ajedrez.cpp(488): warning C4244: 'argumento' : conversión de 'double' a 'GLfloat'; posible pérdida de datos
     1>c:\users\elber\desktop\ejemplo\openglupn\openglupn\ajedrez.cpp(492): warning C4305: 'argumento' : truncamiento de 'double' a 'GLfloat'
     1>c:\users\elber\desktop\ejemplo\openglupn\openglupn\ajedrez.cpp(493): warning C4244: 'argumento' : conversión de 'double' a 'GLfloat'; posible pérdida de datos
     1>c:\users\elber\desktop\ejemplo\openglupn\openglupn\ajedrez.cpp(494): warning C4244: 'argumento' : conversión de 'double' a 'GLfloat'; posible pérdida de datos
     1>c:\users\elber\desktop\ejemplo\openglupn\openglupn\ajedrez.cpp(495): warning C4244: 'argumento' : conversión de 'double' a 'GLfloat'; posible pérdida de datos
     1>c:\users\elber\desktop\ejemplo\openglupn\openglupn\ajedrez.cpp(496): warning C4244: 'argumento' : conversión de 'double' a 'GLfloat'; posible pérdida de datos
     1>c:\users\elber\desktop\ejemplo\openglupn\openglupn\ajedrez.cpp(500): warning C4305: 'argumento' : truncamiento de 'double' a 'GLfloat'
     1>c:\users\elber\desktop\ejemplo\openglupn\openglupn\ajedrez.cpp(501): warning C4244: 'argumento' : conversión de 'double' a 'GLfloat'; posible pérdida de datos
     1>c:\users\elber\desktop\ejemplo\openglupn\openglupn\ajedrez.cpp(502): warning C4244: 'argumento' : conversión de 'double' a 'GLfloat'; posible pérdida de datos
     1>c:\users\elber\desktop\ejemplo\openglupn\openglupn\ajedrez.cpp(503): warning C4244: 'argumento' : conversión de 'double' a 'GLfloat'; posible pérdida de datos
     1>c:\users\elber\desktop\ejemplo\openglupn\openglupn\ajedrez.cpp(504): warning C4244: 'argumento' : conversión de 'double' a 'GLfloat'; posible pérdida de datos
     1>c:\users\elber\desktop\ejemplo\openglupn\openglupn\ajedrez.cpp(508): warning C4305: 'argumento' : truncamiento de 'double' a 'GLfloat'
     1>c:\users\elber\desktop\ejemplo\openglupn\openglupn\ajedrez.cpp(509): warning C4244: 'argumento' : conversión de 'double' a 'GLfloat'; posible pérdida de datos
     1>c:\users\elber\desktop\ejemplo\openglupn\openglupn\ajedrez.cpp(510): warning C4244: 'argumento' : conversión de 'double' a 'GLfloat'; posible pérdida de datos
     1>c:\users\elber\desktop\ejemplo\openglupn\openglupn\ajedrez.cpp(511): warning C4244: 'argumento' : conversión de 'double' a 'GLfloat'; posible pérdida de datos
     1>c:\users\elber\desktop\ejemplo\openglupn\openglupn\ajedrez.cpp(512): warning C4244: 'argumento' : conversión de 'double' a 'GLfloat'; posible pérdida de datos
     1>c:\users\elber\desktop\ejemplo\openglupn\openglupn\ajedrez.cpp(516): warning C4305: 'argumento' : truncamiento de 'double' a 'GLfloat'
     1>c:\users\elber\desktop\ejemplo\openglupn\openglupn\ajedrez.cpp(517): warning C4244: 'argumento' : conversión de 'double' a 'GLfloat'; posible pérdida de datos
     1>c:\users\elber\desktop\ejemplo\openglupn\openglupn\ajedrez.cpp(518): warning C4244: 'argumento' : conversión de 'double' a 'GLfloat'; posible pérdida de datos
     1>c:\users\elber\desktop\ejemplo\openglupn\openglupn\ajedrez.cpp(519): warning C4244: 'argumento' : conversión de 'double' a 'GLfloat'; posible pérdida de datos
     1>c:\users\elber\desktop\ejemplo\openglupn\openglupn\ajedrez.cpp(520): warning C4244: 'argumento' : conversión de 'double' a 'GLfloat'; posible pérdida de datos
     1>c:\users\elber\desktop\ejemplo\openglupn\openglupn\ajedrez.cpp(524): warning C4305: 'argumento' : truncamiento de 'double' a 'GLfloat'
     1>c:\users\elber\desktop\ejemplo\openglupn\openglupn\ajedrez.cpp(525): warning C4244: 'argumento' : conversión de 'double' a 'GLfloat'; posible pérdida de datos
     1>c:\users\elber\desktop\ejemplo\openglupn\openglupn\ajedrez.cpp(526): warning C4244: 'argumento' : conversión de 'double' a 'GLfloat'; posible pérdida de datos
     1>c:\users\elber\desktop\ejemplo\openglupn\openglupn\ajedrez.cpp(527): warning C4244: 'argumento' : conversión de 'double' a 'GLfloat'; posible pérdida de datos
     1>c:\users\elber\desktop\ejemplo\openglupn\openglupn\ajedrez.cpp(528): warning C4244: 'argumento' : conversión de 'double' a 'GLfloat'; posible pérdida de datos
     1>c:\users\elber\desktop\ejemplo\openglupn\openglupn\ajedrez.cpp(532): warning C4305: 'argumento' : truncamiento de 'double' a 'GLfloat'
     1>c:\users\elber\desktop\ejemplo\openglupn\openglupn\ajedrez.cpp(533): warning C4244: 'argumento' : conversión de 'double' a 'GLfloat'; posible pérdida de datos
     1>c:\users\elber\desktop\ejemplo\openglupn\openglupn\ajedrez.cpp(534): warning C4244: 'argumento' : conversión de 'double' a 'GLfloat'; posible pérdida de datos
     1>c:\users\elber\desktop\ejemplo\openglupn\openglupn\ajedrez.cpp(535): warning C4244: 'argumento' : conversión de 'double' a 'GLfloat'; posible pérdida de datos
     1>c:\users\elber\desktop\ejemplo\openglupn\openglupn\ajedrez.cpp(536): warning C4244: 'argumento' : conversión de 'double' a 'GLfloat'; posible pérdida de datos
     1>c:\users\elber\desktop\ejemplo\openglupn\openglupn\ajedrez.cpp(545): warning C4305: 'argumento' : truncamiento de 'double' a 'GLfloat'
     1>c:\users\elber\desktop\ejemplo\openglupn\openglupn\ajedrez.cpp(546): warning C4244: 'argumento' : conversión de 'double' a 'GLfloat'; posible pérdida de datos
     1>c:\users\elber\desktop\ejemplo\openglupn\openglupn\ajedrez.cpp(547): warning C4244: 'argumento' : conversión de 'double' a 'GLfloat'; posible pérdida de datos
     1>c:\users\elber\desktop\ejemplo\openglupn\openglupn\ajedrez.cpp(548): warning C4244: 'argumento' : conversión de 'double' a 'GLfloat'; posible pérdida de datos
     1>c:\users\elber\desktop\ejemplo\openglupn\openglupn\ajedrez.cpp(549): warning C4244: 'argumento' : conversión de 'double' a 'GLfloat'; posible pérdida de datos
     1>c:\users\elber\desktop\ejemplo\openglupn\openglupn\ajedrez.cpp(554): warning C4305: 'argumento' : truncamiento de 'double' a 'GLfloat'
     1>c:\users\elber\desktop\ejemplo\openglupn\openglupn\ajedrez.cpp(555): warning C4244: 'argumento' : conversión de 'double' a 'GLfloat'; posible pérdida de datos
     1>c:\users\elber\desktop\ejemplo\openglupn\openglupn\ajedrez.cpp(556): warning C4244: 'argumento' : conversión de 'double' a 'GLfloat'; posible pérdida de datos
     1>c:\users\elber\desktop\ejemplo\openglupn\openglupn\ajedrez.cpp(557): warning C4244: 'argumento' : conversión de 'double' a 'GLfloat'; posible pérdida de datos
     1>c:\users\elber\desktop\ejemplo\openglupn\openglupn\ajedrez.cpp(558): warning C4244: 'argumento' : conversión de 'double' a 'GLfloat'; posible pérdida de datos
     1>c:\users\elber\desktop\ejemplo\openglupn\openglupn\ajedrez.cpp(563): warning C4305: 'argumento' : truncamiento de 'double' a 'GLfloat'
     1>c:\users\elber\desktop\ejemplo\openglupn\openglupn\ajedrez.cpp(564): warning C4244: 'argumento' : conversión de 'double' a 'GLfloat'; posible pérdida de datos
     1>c:\users\elber\desktop\ejemplo\openglupn\openglupn\ajedrez.cpp(565): warning C4244: 'argumento' : conversión de 'double' a 'GLfloat'; posible pérdida de datos
     1>c:\users\elber\desktop\ejemplo\openglupn\openglupn\ajedrez.cpp(566): warning C4244: 'argumento' : conversión de 'double' a 'GLfloat'; posible pérdida de datos
     1>c:\users\elber\desktop\ejemplo\openglupn\openglupn\ajedrez.cpp(567): warning C4244: 'argumento' : conversión de 'double' a 'GLfloat'; posible pérdida de datos
     1>c:\users\elber\desktop\ejemplo\openglupn\openglupn\ajedrez.cpp(571): warning C4305: 'argumento' : truncamiento de 'double' a 'GLfloat'
     1>c:\users\elber\desktop\ejemplo\openglupn\openglupn\ajedrez.cpp(572): warning C4244: 'argumento' : conversión de 'double' a 'GLfloat'; posible pérdida de datos
     1>c:\users\elber\desktop\ejemplo\openglupn\openglupn\ajedrez.cpp(573): warning C4244: 'argumento' : conversión de 'double' a 'GLfloat'; posible pérdida de datos
     1>c:\users\elber\desktop\ejemplo\openglupn\openglupn\ajedrez.cpp(574): warning C4244: 'argumento' : conversión de 'double' a 'GLfloat'; posible pérdida de datos
     1>c:\users\elber\desktop\ejemplo\openglupn\openglupn\ajedrez.cpp(575): warning C4244: 'argumento' : conversión de 'double' a 'GLfloat'; posible pérdida de datos
     1>c:\users\elber\desktop\ejemplo\openglupn\openglupn\ajedrez.cpp(579): warning C4305: 'argumento' : truncamiento de 'double' a 'GLfloat'
     1>c:\users\elber\desktop\ejemplo\openglupn\openglupn\ajedrez.cpp(580): warning C4244: 'argumento' : conversión de 'double' a 'GLfloat'; posible pérdida de datos
     1>c:\users\elber\desktop\ejemplo\openglupn\openglupn\ajedrez.cpp(581): warning C4244: 'argumento' : conversión de 'double' a 'GLfloat'; posible pérdida de datos
     1>c:\users\elber\desktop\ejemplo\openglupn\openglupn\ajedrez.cpp(582): warning C4244: 'argumento' : conversión de 'double' a 'GLfloat'; posible pérdida de datos
     1>c:\users\elber\desktop\ejemplo\openglupn\openglupn\ajedrez.cpp(583): warning C4244: 'argumento' : conversión de 'double' a 'GLfloat'; posible pérdida de datos
     1>c:\users\elber\desktop\ejemplo\openglupn\openglupn\ajedrez.cpp(587): warning C4305: 'argumento' : truncamiento de 'double' a 'GLfloat'
     1>c:\users\elber\desktop\ejemplo\openglupn\openglupn\ajedrez.cpp(588): warning C4244: 'argumento' : conversión de 'double' a 'GLfloat'; posible pérdida de datos
     1>c:\users\elber\desktop\ejemplo\openglupn\openglupn\ajedrez.cpp(589): warning C4244: 'argumento' : conversión de 'double' a 'GLfloat'; posible pérdida de datos
     1>c:\users\elber\desktop\ejemplo\openglupn\openglupn\ajedrez.cpp(590): warning C4244: 'argumento' : conversión de 'double' a 'GLfloat'; posible pérdida de datos
     1>c:\users\elber\desktop\ejemplo\openglupn\openglupn\ajedrez.cpp(591): warning C4244: 'argumento' : conversión de 'double' a 'GLfloat'; posible pérdida de datos
     1>c:\users\elber\desktop\ejemplo\openglupn\openglupn\ajedrez.cpp(596): warning C4305: 'argumento' : truncamiento de 'double' a 'GLfloat'
     1>c:\users\elber\desktop\ejemplo\openglupn\openglupn\ajedrez.cpp(597): warning C4244: 'argumento' : conversión de 'double' a 'GLfloat'; posible pérdida de datos
     1>c:\users\elber\desktop\ejemplo\openglupn\openglupn\ajedrez.cpp(598): warning C4244: 'argumento' : conversión de 'double' a 'GLfloat'; posible pérdida de datos
     1>c:\users\elber\desktop\ejemplo\openglupn\openglupn\ajedrez.cpp(599): warning C4244: 'argumento' : conversión de 'double' a 'GLfloat'; posible pérdida de datos
     1>c:\users\elber\desktop\ejemplo\openglupn\openglupn\ajedrez.cpp(600): warning C4244: 'argumento' : conversión de 'double' a 'GLfloat'; posible pérdida de datos
     1>c:\users\elber\desktop\ejemplo\openglupn\openglupn\ajedrez.cpp(604): warning C4305: 'argumento' : truncamiento de 'double' a 'GLfloat'
     1>c:\users\elber\desktop\ejemplo\openglupn\openglupn\ajedrez.cpp(605): warning C4244: 'argumento' : conversión de 'double' a 'GLfloat'; posible pérdida de datos
     1>c:\users\elber\desktop\ejemplo\openglupn\openglupn\ajedrez.cpp(606): warning C4244: 'argumento' : conversión de 'double' a 'GLfloat'; posible pérdida de datos
     1>c:\users\elber\desktop\ejemplo\openglupn\openglupn\ajedrez.cpp(607): warning C4244: 'argumento' : conversión de 'double' a 'GLfloat'; posible pérdida de datos
     1>c:\users\elber\desktop\ejemplo\openglupn\openglupn\ajedrez.cpp(608): warning C4244: 'argumento' : conversión de 'double' a 'GLfloat'; posible pérdida de datos
     1>c:\users\elber\desktop\ejemplo\openglupn\openglupn\ajedrez.cpp(612): warning C4305: 'argumento' : truncamiento de 'double' a 'GLfloat'
     1>c:\users\elber\desktop\ejemplo\openglupn\openglupn\ajedrez.cpp(613): warning C4244: 'argumento' : conversión de 'double' a 'GLfloat'; posible pérdida de datos
     1>c:\users\elber\desktop\ejemplo\openglupn\openglupn\ajedrez.cpp(614): warning C4244: 'argumento' : conversión de 'double' a 'GLfloat'; posible pérdida de datos
     1>c:\users\elber\desktop\ejemplo\openglupn\openglupn\ajedrez.cpp(615): warning C4244: 'argumento' : conversión de 'double' a 'GLfloat'; posible pérdida de datos
     1>c:\users\elber\desktop\ejemplo\openglupn\openglupn\ajedrez.cpp(616): warning C4244: 'argumento' : conversión de 'double' a 'GLfloat'; posible pérdida de datos
     1>c:\users\elber\desktop\ejemplo\openglupn\openglupn\ajedrez.cpp(620): warning C4305: 'argumento' : truncamiento de 'double' a 'GLfloat'
     1>c:\users\elber\desktop\ejemplo\openglupn\openglupn\ajedrez.cpp(621): warning C4244: 'argumento' : conversión de 'double' a 'GLfloat'; posible pérdida de datos
     1>c:\users\elber\desktop\ejemplo\openglupn\openglupn\ajedrez.cpp(622): warning C4244: 'argumento' : conversión de 'double' a 'GLfloat'; posible pérdida de datos
     1>c:\users\elber\desktop\ejemplo\openglupn\openglupn\ajedrez.cpp(623): warning C4244: 'argumento' : conversión de 'double' a 'GLfloat'; posible pérdida de datos
     1>c:\users\elber\desktop\ejemplo\openglupn\openglupn\ajedrez.cpp(624): warning C4244: 'argumento' : conversión de 'double' a 'GLfloat'; posible pérdida de datos
     1>c:\users\elber\desktop\ejemplo\openglupn\openglupn\ajedrez.cpp(629): warning C4305: 'argumento' : truncamiento de 'double' a 'GLfloat'
     1>c:\users\elber\desktop\ejemplo\openglupn\openglupn\ajedrez.cpp(630): warning C4244: 'argumento' : conversión de 'double' a 'GLfloat'; posible pérdida de datos
     1>c:\users\elber\desktop\ejemplo\openglupn\openglupn\ajedrez.cpp(631): warning C4244: 'argumento' : conversión de 'double' a 'GLfloat'; posible pérdida de datos
     1>c:\users\elber\desktop\ejemplo\openglupn\openglupn\ajedrez.cpp(632): warning C4244: 'argumento' : conversión de 'double' a 'GLfloat'; posible pérdida de datos
     1>c:\users\elber\desktop\ejemplo\openglupn\openglupn\ajedrez.cpp(633): warning C4244: 'argumento' : conversión de 'double' a 'GLfloat'; posible pérdida de datos
     1>c:\users\elber\desktop\ejemplo\openglupn\openglupn\ajedrez.cpp(638): warning C4305: 'argumento' : truncamiento de 'double' a 'GLfloat'
     1>c:\users\elber\desktop\ejemplo\openglupn\openglupn\ajedrez.cpp(639): warning C4244: 'argumento' : conversión de 'double' a 'GLfloat'; posible pérdida de datos
     1>c:\users\elber\desktop\ejemplo\openglupn\openglupn\ajedrez.cpp(640): warning C4244: 'argumento' : conversión de 'double' a 'GLfloat'; posible pérdida de datos
     1>c:\users\elber\desktop\ejemplo\openglupn\openglupn\ajedrez.cpp(641): warning C4244: 'argumento' : conversión de 'double' a 'GLfloat'; posible pérdida de datos
     1>c:\users\elber\desktop\ejemplo\openglupn\openglupn\ajedrez.cpp(642): warning C4244: 'argumento' : conversión de 'double' a 'GLfloat'; posible pérdida de datos
     1>c:\users\elber\desktop\ejemplo\openglupn\openglupn\ajedrez.cpp(647): warning C4305: 'argumento' : truncamiento de 'double' a 'GLfloat'
     1>c:\users\elber\desktop\ejemplo\openglupn\openglupn\ajedrez.cpp(648): warning C4244: 'argumento' : conversión de 'double' a 'GLfloat'; posible pérdida de datos
     1>c:\users\elber\desktop\ejemplo\openglupn\openglupn\ajedrez.cpp(649): warning C4244: 'argumento' : conversión de 'double' a 'GLfloat'; posible pérdida de datos
     1>c:\users\elber\desktop\ejemplo\openglupn\openglupn\ajedrez.cpp(650): warning C4244: 'argumento' : conversión de 'double' a 'GLfloat'; posible pérdida de datos
     1>c:\users\elber\desktop\ejemplo\openglupn\openglupn\ajedrez.cpp(651): warning C4244: 'argumento' : conversión de 'double' a 'GLfloat'; posible pérdida de datos
     1>c:\users\elber\desktop\ejemplo\openglupn\openglupn\ajedrez.cpp(655): warning C4305: 'argumento' : truncamiento de 'double' a 'GLfloat'
     1>c:\users\elber\desktop\ejemplo\openglupn\openglupn\ajedrez.cpp(656): warning C4244: 'argumento' : conversión de 'double' a 'GLfloat'; posible pérdida de datos
     1>c:\users\elber\desktop\ejemplo\openglupn\openglupn\ajedrez.cpp(657): warning C4244: 'argumento' : conversión de 'double' a 'GLfloat'; posible pérdida de datos
     1>c:\users\elber\desktop\ejemplo\openglupn\openglupn\ajedrez.cpp(658): warning C4244: 'argumento' : conversión de 'double' a 'GLfloat'; posible pérdida de datos
     1>c:\users\elber\desktop\ejemplo\openglupn\openglupn\ajedrez.cpp(659): warning C4244: 'argumento' : conversión de 'double' a 'GLfloat'; posible pérdida de datos
     1>c:\users\elber\desktop\ejemplo\openglupn\openglupn\ajedrez.cpp(663): warning C4305: 'argumento' : truncamiento de 'double' a 'GLfloat'
     1>c:\users\elber\desktop\ejemplo\openglupn\openglupn\ajedrez.cpp(664): warning C4244: 'argumento' : conversión de 'double' a 'GLfloat'; posible pérdida de datos
     1>c:\users\elber\desktop\ejemplo\openglupn\openglupn\ajedrez.cpp(665): warning C4244: 'argumento' : conversión de 'double' a 'GLfloat'; posible pérdida de datos
     1>c:\users\elber\desktop\ejemplo\openglupn\openglupn\ajedrez.cpp(666): warning C4244: 'argumento' : conversión de 'double' a 'GLfloat'; posible pérdida de datos
     1>c:\users\elber\desktop\ejemplo\openglupn\openglupn\ajedrez.cpp(667): warning C4244: 'argumento' : conversión de 'double' a 'GLfloat'; posible pérdida de datos
     1>c:\users\elber\desktop\ejemplo\openglupn\openglupn\ajedrez.cpp(671): warning C4305: 'argumento' : truncamiento de 'double' a 'GLfloat'
     1>c:\users\elber\desktop\ejemplo\openglupn\openglupn\ajedrez.cpp(672): warning C4244: 'argumento' : conversión de 'double' a 'GLfloat'; posible pérdida de datos
     1>c:\users\elber\desktop\ejemplo\openglupn\openglupn\ajedrez.cpp(673): warning C4244: 'argumento' : conversión de 'double' a 'GLfloat'; posible pérdida de datos
     1>c:\users\elber\desktop\ejemplo\openglupn\openglupn\ajedrez.cpp(674): warning C4244: 'argumento' : conversión de 'double' a 'GLfloat'; posible pérdida de datos
     1>c:\users\elber\desktop\ejemplo\openglupn\openglupn\ajedrez.cpp(675): warning C4244: 'argumento' : conversión de 'double' a 'GLfloat'; posible pérdida de datos
     1>c:\users\elber\desktop\ejemplo\openglupn\openglupn\ajedrez.cpp(680): warning C4305: 'argumento' : truncamiento de 'double' a 'GLfloat'
     1>c:\users\elber\desktop\ejemplo\openglupn\openglupn\ajedrez.cpp(681): warning C4244: 'argumento' : conversión de 'double' a 'GLfloat'; posible pérdida de datos
     1>c:\users\elber\desktop\ejemplo\openglupn\openglupn\ajedrez.cpp(682): warning C4244: 'argumento' : conversión de 'double' a 'GLfloat'; posible pérdida de datos
     1>c:\users\elber\desktop\ejemplo\openglupn\openglupn\ajedrez.cpp(683): warning C4244: 'argumento' : conversión de 'double' a 'GLfloat'; posible pérdida de datos
     1>c:\users\elber\desktop\ejemplo\openglupn\openglupn\ajedrez.cpp(684): warning C4244: 'argumento' : conversión de 'double' a 'GLfloat'; posible pérdida de datos
     1>c:\users\elber\desktop\ejemplo\openglupn\openglupn\ajedrez.cpp(689): warning C4305: 'argumento' : truncamiento de 'double' a 'GLfloat'
     1>c:\users\elber\desktop\ejemplo\openglupn\openglupn\ajedrez.cpp(690): warning C4244: 'argumento' : conversión de 'double' a 'GLfloat'; posible pérdida de datos
     1>c:\users\elber\desktop\ejemplo\openglupn\openglupn\ajedrez.cpp(691): warning C4244: 'argumento' : conversión de 'double' a 'GLfloat'; posible pérdida de datos
     1>c:\users\elber\desktop\ejemplo\openglupn\openglupn\ajedrez.cpp(692): warning C4244: 'argumento' : conversión de 'double' a 'GLfloat'; posible pérdida de datos
     1>c:\users\elber\desktop\ejemplo\openglupn\openglupn\ajedrez.cpp(693): warning C4244: 'argumento' : conversión de 'double' a 'GLfloat'; posible pérdida de datos
     1>c:\users\elber\desktop\ejemplo\openglupn\openglupn\ajedrez.cpp(698): warning C4305: 'argumento' : truncamiento de 'double' a 'GLfloat'
     1>c:\users\elber\desktop\ejemplo\openglupn\openglupn\ajedrez.cpp(699): warning C4244: 'argumento' : conversión de 'double' a 'GLfloat'; posible pérdida de datos
     1>c:\users\elber\desktop\ejemplo\openglupn\openglupn\ajedrez.cpp(700): warning C4244: 'argumento' : conversión de 'double' a 'GLfloat'; posible pérdida de datos
     1>c:\users\elber\desktop\ejemplo\openglupn\openglupn\ajedrez.cpp(701): warning C4244: 'argumento' : conversión de 'double' a 'GLfloat'; posible pérdida de datos
     1>c:\users\elber\desktop\ejemplo\openglupn\openglupn\ajedrez.cpp(702): warning C4244: 'argumento' : conversión de 'double' a 'GLfloat'; posible pérdida de datos
     1>c:\users\elber\desktop\ejemplo\openglupn\openglupn\ajedrez.cpp(706): warning C4305: 'argumento' : truncamiento de 'double' a 'GLfloat'
     1>c:\users\elber\desktop\ejemplo\openglupn\openglupn\ajedrez.cpp(707): warning C4244: 'argumento' : conversión de 'double' a 'GLfloat'; posible pérdida de datos
     1>c:\users\elber\desktop\ejemplo\openglupn\openglupn\ajedrez.cpp(708): warning C4244: 'argumento' : conversión de 'double' a 'GLfloat'; posible pérdida de datos
     1>c:\users\elber\desktop\ejemplo\openglupn\openglupn\ajedrez.cpp(709): warning C4244: 'argumento' : conversión de 'double' a 'GLfloat'; posible pérdida de datos
     1>c:\users\elber\desktop\ejemplo\openglupn\openglupn\ajedrez.cpp(710): warning C4244: 'argumento' : conversión de 'double' a 'GLfloat'; posible pérdida de datos
     1>c:\users\elber\desktop\ejemplo\openglupn\openglupn\ajedrez.cpp(714): warning C4305: 'argumento' : truncamiento de 'double' a 'GLfloat'
     1>c:\users\elber\desktop\ejemplo\openglupn\openglupn\ajedrez.cpp(715): warning C4244: 'argumento' : conversión de 'double' a 'GLfloat'; posible pérdida de datos
     1>c:\users\elber\desktop\ejemplo\openglupn\openglupn\ajedrez.cpp(716): warning C4244: 'argumento' : conversión de 'double' a 'GLfloat'; posible pérdida de datos
     1>c:\users\elber\desktop\ejemplo\openglupn\openglupn\ajedrez.cpp(717): warning C4244: 'argumento' : conversión de 'double' a 'GLfloat'; posible pérdida de datos
     1>c:\users\elber\desktop\ejemplo\openglupn\openglupn\ajedrez.cpp(718): warning C4244: 'argumento' : conversión de 'double' a 'GLfloat'; posible pérdida de datos
     1>c:\users\elber\desktop\ejemplo\openglupn\openglupn\ajedrez.cpp(722): warning C4305: 'argumento' : truncamiento de 'double' a 'GLfloat'
     1>c:\users\elber\desktop\ejemplo\openglupn\openglupn\ajedrez.cpp(723): warning C4244: 'argumento' : conversión de 'double' a 'GLfloat'; posible pérdida de datos
     1>c:\users\elber\desktop\ejemplo\openglupn\openglupn\ajedrez.cpp(724): warning C4244: 'argumento' : conversión de 'double' a 'GLfloat'; posible pérdida de datos
     1>c:\users\elber\desktop\ejemplo\openglupn\openglupn\ajedrez.cpp(725): warning C4244: 'argumento' : conversión de 'double' a 'GLfloat'; posible pérdida de datos
     1>c:\users\elber\desktop\ejemplo\openglupn\openglupn\ajedrez.cpp(726): warning C4244: 'argumento' : conversión de 'double' a 'GLfloat'; posible pérdida de datos
     1>c:\users\elber\desktop\ejemplo\openglupn\openglupn\ajedrez.cpp(731): warning C4305: 'argumento' : truncamiento de 'double' a 'GLfloat'
     1>c:\users\elber\desktop\ejemplo\openglupn\openglupn\ajedrez.cpp(732): warning C4244: 'argumento' : conversión de 'double' a 'GLfloat'; posible pérdida de datos
     1>c:\users\elber\desktop\ejemplo\openglupn\openglupn\ajedrez.cpp(733): warning C4244: 'argumento' : conversión de 'double' a 'GLfloat'; posible pérdida de datos
     1>c:\users\elber\desktop\ejemplo\openglupn\openglupn\ajedrez.cpp(734): warning C4244: 'argumento' : conversión de 'double' a 'GLfloat'; posible pérdida de datos
     1>c:\users\elber\desktop\ejemplo\openglupn\openglupn\ajedrez.cpp(735): warning C4244: 'argumento' : conversión de 'double' a 'GLfloat'; posible pérdida de datos
     1>c:\users\elber\desktop\ejemplo\openglupn\openglupn\ajedrez.cpp(740): warning C4305: 'argumento' : truncamiento de 'double' a 'GLfloat'
     1>c:\users\elber\desktop\ejemplo\openglupn\openglupn\ajedrez.cpp(741): warning C4244: 'argumento' : conversión de 'double' a 'GLfloat'; posible pérdida de datos
     1>c:\users\elber\desktop\ejemplo\openglupn\openglupn\ajedrez.cpp(742): warning C4244: 'argumento' : conversión de 'double' a 'GLfloat'; posible pérdida de datos
     1>c:\users\elber\desktop\ejemplo\openglupn\openglupn\ajedrez.cpp(743): warning C4244: 'argumento' : conversión de 'double' a 'GLfloat'; posible pérdida de datos
     1>c:\users\elber\desktop\ejemplo\openglupn\openglupn\ajedrez.cpp(744): warning C4244: 'argumento' : conversión de 'double' a 'GLfloat'; posible pérdida de datos
     1>c:\users\elber\desktop\ejemplo\openglupn\openglupn\ajedrez.cpp(749): warning C4305: 'argumento' : truncamiento de 'double' a 'GLfloat'
     1>c:\users\elber\desktop\ejemplo\openglupn\openglupn\ajedrez.cpp(750): warning C4244: 'argumento' : conversión de 'double' a 'GLfloat'; posible pérdida de datos
     1>c:\users\elber\desktop\ejemplo\openglupn\openglupn\ajedrez.cpp(751): warning C4244: 'argumento' : conversión de 'double' a 'GLfloat'; posible pérdida de datos
     1>c:\users\elber\desktop\ejemplo\openglupn\openglupn\ajedrez.cpp(752): warning C4244: 'argumento' : conversión de 'double' a 'GLfloat'; posible pérdida de datos
     1>c:\users\elber\desktop\ejemplo\openglupn\openglupn\ajedrez.cpp(753): warning C4244: 'argumento' : conversión de 'double' a 'GLfloat'; posible pérdida de datos
     1>c:\users\elber\desktop\ejemplo\openglupn\openglupn\ajedrez.cpp(757): warning C4305: 'argumento' : truncamiento de 'double' a 'GLfloat'
     1>c:\users\elber\desktop\ejemplo\openglupn\openglupn\ajedrez.cpp(758): warning C4244: 'argumento' : conversión de 'double' a 'GLfloat'; posible pérdida de datos
     1>c:\users\elber\desktop\ejemplo\openglupn\openglupn\ajedrez.cpp(759): warning C4244: 'argumento' : conversión de 'double' a 'GLfloat'; posible pérdida de datos
     1>c:\users\elber\desktop\ejemplo\openglupn\openglupn\ajedrez.cpp(760): warning C4244: 'argumento' : conversión de 'double' a 'GLfloat'; posible pérdida de datos
     1>c:\users\elber\desktop\ejemplo\openglupn\openglupn\ajedrez.cpp(761): warning C4244: 'argumento' : conversión de 'double' a 'GLfloat'; posible pérdida de datos
     1>c:\users\elber\desktop\ejemplo\openglupn\openglupn\ajedrez.cpp(765): warning C4305: 'argumento' : truncamiento de 'double' a 'GLfloat'
     1>c:\users\elber\desktop\ejemplo\openglupn\openglupn\ajedrez.cpp(766): warning C4244: 'argumento' : conversión de 'double' a 'GLfloat'; posible pérdida de datos
     1>c:\users\elber\desktop\ejemplo\openglupn\openglupn\ajedrez.cpp(767): warning C4244: 'argumento' : conversión de 'double' a 'GLfloat'; posible pérdida de datos
     1>c:\users\elber\desktop\ejemplo\openglupn\openglupn\ajedrez.cpp(768): warning C4244: 'argumento' : conversión de 'double' a 'GLfloat'; posible pérdida de datos
     1>c:\users\elber\desktop\ejemplo\openglupn\openglupn\ajedrez.cpp(769): warning C4244: 'argumento' : conversión de 'double' a 'GLfloat'; posible pérdida de datos
     1>c:\users\elber\desktop\ejemplo\openglupn\openglupn\ajedrez.cpp(773): warning C4305: 'argumento' : truncamiento de 'double' a 'GLfloat'
     1>c:\users\elber\desktop\ejemplo\openglupn\openglupn\ajedrez.cpp(774): warning C4244: 'argumento' : conversión de 'double' a 'GLfloat'; posible pérdida de datos
     1>c:\users\elber\desktop\ejemplo\openglupn\openglupn\ajedrez.cpp(775): warning C4244: 'argumento' : conversión de 'double' a 'GLfloat'; posible pérdida de datos
     1>c:\users\elber\desktop\ejemplo\openglupn\openglupn\ajedrez.cpp(776): warning C4244: 'argumento' : conversión de 'double' a 'GLfloat'; posible pérdida de datos
     1>c:\users\elber\desktop\ejemplo\openglupn\openglupn\ajedrez.cpp(777): warning C4244: 'argumento' : conversión de 'double' a 'GLfloat'; posible pérdida de datos
       Link:
         C:\Program Files (x86)\Microsoft Visual Studio 12.0\VC\bin\link.exe /ERRORREPORT:PROMPT /OUT:"C:\Users\Elber\Desktop\ejemplo\openglUpn\Debug\openglUpn.exe" /INCREMENTAL /NOLOGO /LIBPATH:"C:\Users\Elber\Downloads\Glew and Glut\glew-1.11.0\lib" /LIBPATH:"C:\Users\Elber\Downloads\Glew and Glut\freeglut\lib" freeglut.lib glew32.lib kernel32.lib user32.lib gdi32.lib winspool.lib comdlg32.lib advapi32.lib shell32.lib ole32.lib oleaut32.lib uuid.lib odbc32.lib odbccp32.lib /MANIFEST /MANIFESTUAC:"level='asInvoker' uiAccess='false'" /manifest:embed /DEBUG /PDB:"C:\Users\Elber\Desktop\ejemplo\openglUpn\Debug\openglUpn.pdb" /TLBID:1 /DYNAMICBASE /NXCOMPAT /IMPLIB:"C:\Users\Elber\Desktop\ejemplo\openglUpn\Debug\openglUpn.lib" /MACHINE:X86 Debug\Ajedrez.obj
         Debug\main.obj
         openglUpn.vcxproj -> C:\Users\Elber\Desktop\ejemplo\openglUpn\Debug\openglUpn.exe
     1>Compilación del proyecto terminada "C:\Users\Elber\Desktop\ejemplo\openglUpn\openglUpn\openglUpn.vcxproj" (Build destinos).

Compilación correcta.

Tiempo transcurrido 00:00:01.49
