c:\users\elber\documents\visual studio 2013\projects\openglupn\openglupn\debug\vc120.pdb
c:\users\elber\documents\visual studio 2013\projects\openglupn\openglupn\debug\vc120.idb
c:\users\elber\documents\visual studio 2013\projects\openglupn\openglupn\debug\main.obj
c:\users\elber\documents\visual studio 2013\projects\openglupn\openglupn\debug\ajedrez.obj
c:\users\elber\desktop\ejemplo\openglupn\openglupn\debug\vc120.pdb
c:\users\elber\desktop\ejemplo\openglupn\openglupn\debug\vc120.idb
c:\users\elber\desktop\ejemplo\openglupn\openglupn\debug\main.obj
c:\users\elber\desktop\ejemplo\openglupn\openglupn\debug\ajedrez.obj
c:\users\elber\documents\visual studio 2013\projects\openglupn\debug\openglupn.ilk
c:\users\elber\documents\visual studio 2013\projects\openglupn\debug\openglupn.exe
c:\users\elber\documents\visual studio 2013\projects\openglupn\debug\openglupn.pdb
c:\users\elber\desktop\ejemplo\openglupn\debug\openglupn.ilk
c:\users\elber\desktop\ejemplo\openglupn\debug\openglupn.exe
c:\users\elber\desktop\ejemplo\openglupn\debug\openglupn.pdb
c:\users\elber\desktop\ejemplo\openglupn\openglupn\debug\openglupn.tlog\cl.command.1.tlog
c:\users\elber\desktop\ejemplo\openglupn\openglupn\debug\openglupn.tlog\cl.read.1.tlog
c:\users\elber\desktop\ejemplo\openglupn\openglupn\debug\openglupn.tlog\cl.write.1.tlog
c:\users\elber\desktop\ejemplo\openglupn\openglupn\debug\openglupn.tlog\link.command.1.tlog
c:\users\elber\desktop\ejemplo\openglupn\openglupn\debug\openglupn.tlog\link.read.1.tlog
c:\users\elber\desktop\ejemplo\openglupn\openglupn\debug\openglupn.tlog\link.write.1.tlog
